Arguments: 
  /home/user/.local/share/nodejs/bin/node /home/user/.cache/node/corepack/yarn/1.22.19/bin/yarn.js

PATH: 
  /home/user/.vscode-server/bin/b3e4e68a0bc097f0ae7907b217c1119af9e03435/bin/remote-cli:/usr/local/sbin:/usr/local/bin:/usr/sbin:/usr/bin:/sbin:/bin:/usr/games:/usr/local/games:/usr/lib/wsl/lib:/mnt/c/Program Files/WindowsApps/Microsoft.WindowsTerminal_1.16.10261.0_x64__8wekyb3d8bbwe:/mnt/c/Program Files (x86)/Common Files/Oracle/Java/javapath:/mnt/c/WINDOWS/system32:/mnt/c/WINDOWS:/mnt/c/WINDOWS/System32/Wbem:/mnt/c/WINDOWS/System32/WindowsPowerShell/v1.0/:/mnt/c/WINDOWS/System32/OpenSSH/:/mnt/c/Program Files (x86)/HP/Common/HPDestPlgIn/:/mnt/c/Program Files (x86)/HP/IdrsOCR_15.3.1129.0/:/mnt/c/Program Files/GitHub CLI/:/mnt/c/Program Files/nodejs/:/mnt/c/Users/nelson/AppData/Local/pnpm:/mnt/c/Users/nelson/AppData/Local/Programs/Python/Python311/Scripts/:/mnt/c/Users/nelson/AppData/Local/Programs/Python/Python311/:/mnt/c/Users/nelson/AppData/Local/Microsoft/WindowsApps:/mnt/c/Users/nelson/AppData/Local/Programs/Git/cmd:/mnt/c/Users/nelson/AppData/Local/Programs/Microsoft VS Code/bin:/mnt/c/Users/nelson/.deno/bin:/mnt/c/Users/nelson/AppData/Roaming/npm:/home/user/path:/home/user/.local/bin:/home/user/path:/home/user/.local/bin

Yarn version: 
  1.22.19

Node version: 
  18.16.0

Platform: 
  linux x64

Trace: 
  Error: https://registry.yarnpkg.com/@financial%2fapi: Not found
      at params.callback [as _callback] (/home/user/.cache/node/corepack/yarn/1.22.19/lib/cli.js:66145:18)
      at self.callback (/home/user/.cache/node/corepack/yarn/1.22.19/lib/cli.js:140890:22)
      at Request.emit (node:events:513:28)
      at Request.<anonymous> (/home/user/.cache/node/corepack/yarn/1.22.19/lib/cli.js:141862:10)
      at Request.emit (node:events:513:28)
      at IncomingMessage.<anonymous> (/home/user/.cache/node/corepack/yarn/1.22.19/lib/cli.js:141784:12)
      at Object.onceWrapper (node:events:627:28)
      at IncomingMessage.emit (node:events:525:35)
      at endReadableNT (node:internal/streams/readable:1359:12)
      at process.processTicksAndRejections (node:internal/process/task_queues:82:21)

npm manifest: 
  {
    "name": "financial",
    "private": true,
    "workspaces": {
      "packages": [
        "./packages/*"
      ]
    },
    "scripts": {
      "prepare": "husky install",
      "start": "node ./server.js",
      "build": "nx run-many -t build"
    },
    "devDependencies": {
      "@jest/globals": "^29.5.0",
      "@rollup/plugin-commonjs": "^25.0.0",
      "@rollup/plugin-json": "^6.0.0",
      "@rollup/plugin-node-resolve": "^15.0.2",
      "@rollup/plugin-swc": "^0.1.1",
      "@rollup/plugin-typescript": "^11.1.1",
      "@types/bcrypt": "^5.0.0",
      "@types/jest": "^29.5.1",
      "@types/jsonwebtoken": "^9.0.2",
      "@types/node": "^20.0.0",
      "commitizen": "^4.3.0",
      "commitlint": "^17.6.3",
      "commitlint-config-gitmoji": "^2.3.1",
      "husky": "^8.0.3",
      "nx": "16.2.2",
      "nx-cloud": "latest",
      "prisma": "^4.13.0",
      "rollup": "^3.23.0",
      "timbo-cz-conventional-changelog": "^0.1.0",
      "typescript": "^5.0.4"
    },
    "config": {
      "commitizen": {
        "path": "timbo-cz-conventional-changelog"
      }
    },
    "dependencies": {
      "@financial/api": "workspace:*"
    }
  }

yarn manifest: 
  No manifest

Lockfile: 
  No lockfile
